<?xml version="1.0" encoding="UTF-8"?>
<testsuite name="org.example.PermissionManagerTest" tests="2" skipped="0" failures="0" errors="0" timestamp="2023-09-27T07:19:42" hostname="DESKTOP-NICI22" time="0.027">
  <properties/>
  <testcase name="testGetCurrentRoleName()" classname="org.example.PermissionManagerTest" time="0.025"/>
  <testcase name="testSetCurrentRole()" classname="org.example.PermissionManagerTest" time="0.001"/>
  <system-out><![CDATA[]]></system-out>
  <system-err><![CDATA[]]></system-err>
</testsuite>
